<?xml version="1.0" encoding="UTF-8"?>
<!-- Generated by org.testng.reporters.JUnitXMLReporter -->
<testsuite hostname="acer-PC" ignored="0" name="first Test" tests="1" failures="0" timestamp="06 Nov 2018 12:08:36 GMT" time="0.094" errors="0">
  <testcase name="@BeforeTest login" time="0.0" classname="testcases.TestCase_1">
    <failure type="org.testng.TestNGException" message="
Can inject only one of &amp;lt;ITestContext, XmlTest&amp;gt; into a @BeforeTest annotated login.
For more information on native dependency injection please refer to http://testng.org/doc/documentation-main.html#native-dependency-injection">
      <![CDATA[org.testng.TestNGException: 
Can inject only one of <ITestContext, XmlTest> into a @BeforeTest annotated login.
For more information on native dependency injection please refer to http://testng.org/doc/documentation-main.html#native-dependency-injection
... Removed 21 stack frames]]>
    </failure>
  </testcase> <!-- @BeforeTest login -->
  <testcase name="testCase1" time="0.0" classname="testcases.TestCase_1">
    <skipped/>
  </testcase> <!-- testCase1 -->
</testsuite> <!-- first Test -->
